{"C:\\Users\\azada\\Documents\\Software Projects\\UW\\ECE651\\nutritrack\\NutriTrack\\NutriTrack-Backend\\controllers\\histController.js": {"path":"C:\\Users\\azada\\Documents\\Software Projects\\UW\\ECE651\\nutritrack\\NutriTrack\\NutriTrack-Backend\\controllers\\histController.js","statementMap":{"0":{"start":{"line":7,"column":34},"end":{"line":101,"column":1}},"1":{"start":{"line":8,"column":4},"end":{"line":100,"column":5}},"2":{"start":{"line":9,"column":24},"end":{"line":9,"column":52}},"3":{"start":{"line":10,"column":26},"end":{"line":10,"column":84}},"4":{"start":{"line":11,"column":24},"end":{"line":11,"column":78}},"5":{"start":{"line":13,"column":27},"end":{"line":15,"column":9}},"6":{"start":{"line":17,"column":8},"end":{"line":19,"column":9}},"7":{"start":{"line":18,"column":12},"end":{"line":18,"column":58}},"8":{"start":{"line":21,"column":8},"end":{"line":24,"column":9}},"9":{"start":{"line":22,"column":12},"end":{"line":22,"column":68}},"10":{"start":{"line":23,"column":12},"end":{"line":23,"column":51}},"11":{"start":{"line":27,"column":26},"end":{"line":86,"column":10}},"12":{"start":{"line":88,"column":8},"end":{"line":94,"column":11}},"13":{"start":{"line":96,"column":8},"end":{"line":99,"column":11}}},"fnMap":{"0":{"name":"(anonymous_0)","decl":{"start":{"line":7,"column":34},"end":{"line":7,"column":35}},"loc":{"start":{"line":7,"column":54},"end":{"line":101,"column":1}},"line":7}},"branchMap":{"0":{"loc":{"start":{"line":9,"column":24},"end":{"line":9,"column":52}},"type":"binary-expr","locations":[{"start":{"line":9,"column":24},"end":{"line":9,"column":41}},{"start":{"line":9,"column":45},"end":{"line":9,"column":52}}],"line":9},"1":{"loc":{"start":{"line":10,"column":26},"end":{"line":10,"column":84}},"type":"cond-expr","locations":[{"start":{"line":10,"column":48},"end":{"line":10,"column":77}},{"start":{"line":10,"column":80},"end":{"line":10,"column":84}}],"line":10},"2":{"loc":{"start":{"line":11,"column":24},"end":{"line":11,"column":78}},"type":"cond-expr","locations":[{"start":{"line":11,"column":44},"end":{"line":11,"column":71}},{"start":{"line":11,"column":74},"end":{"line":11,"column":78}}],"line":11},"3":{"loc":{"start":{"line":17,"column":8},"end":{"line":19,"column":9}},"type":"if","locations":[{"start":{"line":17,"column":8},"end":{"line":19,"column":9}},{"start":{},"end":{}}],"line":17},"4":{"loc":{"start":{"line":21,"column":8},"end":{"line":24,"column":9}},"type":"if","locations":[{"start":{"line":21,"column":8},"end":{"line":24,"column":9}},{"start":{},"end":{}}],"line":21},"5":{"loc":{"start":{"line":22,"column":38},"end":{"line":22,"column":67}},"type":"binary-expr","locations":[{"start":{"line":22,"column":38},"end":{"line":22,"column":61}},{"start":{"line":22,"column":65},"end":{"line":22,"column":67}}],"line":22}},"s":{"0":1,"1":5,"2":5,"3":5,"4":5,"5":5,"6":5,"7":1,"8":5,"9":1,"10":1,"11":5,"12":4,"13":1},"f":{"0":5},"b":{"0":[5,4],"1":[1,4],"2":[1,4],"3":[1,4],"4":[1,4],"5":[1,0]},"_coverageSchema":"1a1c01bbd47fc00a2c39e90264f33305004495a9","hash":"7b9da903baccb9dd7acdd1d506c2be9869be824c"}
,"C:\\Users\\azada\\Documents\\Software Projects\\UW\\ECE651\\nutritrack\\NutriTrack\\NutriTrack-Backend\\models\\trackingModel.js": {"path":"C:\\Users\\azada\\Documents\\Software Projects\\UW\\ECE651\\nutritrack\\NutriTrack\\NutriTrack-Backend\\models\\trackingModel.js","statementMap":{"0":{"start":{"line":4,"column":23},"end":{"line":44,"column":20}},"1":{"start":{"line":12,"column":23},"end":{"line":12,"column":52}},"2":{"start":{"line":47,"column":22},"end":{"line":47,"column":66}}},"fnMap":{"0":{"name":"(anonymous_0)","decl":{"start":{"line":12,"column":17},"end":{"line":12,"column":18}},"loc":{"start":{"line":12,"column":23},"end":{"line":12,"column":52}},"line":12}},"branchMap":{},"s":{"0":1,"1":2,"2":1},"f":{"0":2},"b":{},"_coverageSchema":"1a1c01bbd47fc00a2c39e90264f33305004495a9","hash":"ac52871806d20a4406e232df04aacd5d5f8e7c26"}
}
