TN:
SF:NutriTrack-Backend\controllers\histController.js
FN:7,(anonymous_0)
FNF:1
FNH:1
FNDA:5,(anonymous_0)
DA:7,1
DA:8,5
DA:9,5
DA:10,5
DA:11,5
DA:13,5
DA:17,5
DA:18,1
DA:21,5
DA:22,1
DA:23,1
DA:27,5
DA:88,4
DA:96,1
LF:14
LH:14
BRDA:9,0,0,5
BRDA:9,0,1,4
BRDA:10,1,0,1
BRDA:10,1,1,4
BRDA:11,2,0,1
BRDA:11,2,1,4
BRDA:17,3,0,1
BRDA:17,3,1,4
BRDA:21,4,0,1
BRDA:21,4,1,4
BRDA:22,5,0,1
BRDA:22,5,1,0
BRF:12
BRH:11
end_of_record
TN:
SF:NutriTrack-Backend\models\trackingModel.js
FN:12,(anonymous_0)
FNF:1
FNH:1
FNDA:2,(anonymous_0)
DA:4,1
DA:12,2
DA:47,1
LF:3
LH:3
BRF:0
BRH:0
end_of_record
